<testsuite failures="0" name="conduitApp/feature/SignUp.feature" skipped="0" tests="3" time="3.874737">
  <testcase classname="conduitApp.feature.SignUp" name="New user Sign Up" time="1.471351">
    <system-out>* def dataGenerator = Java.type('helpers.DataGenerator') .................. passed
* def timeValidator = read('classpath:helpers/timeValidator.js') .......... passed
* def randomEmail = dataGenerator.getRandomEmail() ........................ passed
* def randomUsername = dataGenerator.getRandomUsername() .................. passed
* url apiUrl .............................................................. passed
Given path 'users' ........................................................ passed
And request ............................................................... passed
When method Post .......................................................... passed
Then status 200 ........................................................... passed
And match response == ..................................................... passed</system-out>
  </testcase>
  <testcase classname="conduitApp.feature.SignUp" name="Validate Sign Up error messages email" time="1.223765">
    <system-out>* def dataGenerator = Java.type('helpers.DataGenerator') .................. passed
* def timeValidator = read('classpath:helpers/timeValidator.js') .......... passed
* def randomEmail = dataGenerator.getRandomEmail() ........................ passed
* def randomUsername = dataGenerator.getRandomUsername() .................. passed
* url apiUrl .............................................................. passed
Given path 'users' ........................................................ passed
And request ............................................................... passed
When method Post .......................................................... passed
Then status 200 ........................................................... passed
And match response == ..................................................... passed
* def dataGenerator = Java.type('helpers.DataGenerator') .................. passed
* def timeValidator = read('classpath:helpers/timeValidator.js') .......... passed
* def randomEmail = dataGenerator.getRandomEmail() ........................ passed
* def randomUsername = dataGenerator.getRandomUsername() .................. passed
* url apiUrl .............................................................. passed
Given path 'users' ........................................................ passed
And request ............................................................... passed
When method Post .......................................................... passed
Then status 422 ........................................................... passed
And match response == {"errors": {"username": ["has already been taken"]}} . passed</system-out>
  </testcase>
  <testcase classname="conduitApp.feature.SignUp" name="Validate Sign Up error messages email" time="1.17962">
    <system-out>* def dataGenerator = Java.type('helpers.DataGenerator') .................. passed
* def timeValidator = read('classpath:helpers/timeValidator.js') .......... passed
* def randomEmail = dataGenerator.getRandomEmail() ........................ passed
* def randomUsername = dataGenerator.getRandomUsername() .................. passed
* url apiUrl .............................................................. passed
Given path 'users' ........................................................ passed
And request ............................................................... passed
When method Post .......................................................... passed
Then status 200 ........................................................... passed
And match response == ..................................................... passed
* def dataGenerator = Java.type('helpers.DataGenerator') .................. passed
* def timeValidator = read('classpath:helpers/timeValidator.js') .......... passed
* def randomEmail = dataGenerator.getRandomEmail() ........................ passed
* def randomUsername = dataGenerator.getRandomUsername() .................. passed
* url apiUrl .............................................................. passed
Given path 'users' ........................................................ passed
And request ............................................................... passed
When method Post .......................................................... passed
Then status 422 ........................................................... passed
And match response == {"errors": {"username": ["has already been taken"]}} . passed
* def dataGenerator = Java.type('helpers.DataGenerator') .................. passed
* def timeValidator = read('classpath:helpers/timeValidator.js') .......... passed
* def randomEmail = dataGenerator.getRandomEmail() ........................ passed
* def randomUsername = dataGenerator.getRandomUsername() .................. passed
* url apiUrl .............................................................. passed
Given path 'users' ........................................................ passed
And request ............................................................... passed
When method Post .......................................................... passed
Then status 422 ........................................................... passed
And match response == {"errors": {"email": ["has already been taken"]}} ... passed</system-out>
  </testcase>
</testsuite>
